<?xml version="1.0" encoding="UTF-8"?>
<testng-results ignored="0" total="2" passed="2" failed="0" skipped="0">
  <reporter-output>
  </reporter-output>
  <suite started-at="2022-02-24T18:21:19 IST" name="Suite" finished-at="2022-02-24T18:22:29 IST" duration-ms="69962">
    <groups>
    </groups>
    <test started-at="2022-02-24T18:21:19 IST" name="Test" finished-at="2022-02-24T18:22:29 IST" duration-ms="69962">
      <class name="e2eproject.finaldemo.LoginTestCase">
        <test-method is-config="true" signature="browserlaunch()[pri:0, instance:e2eproject.finaldemo.LoginTestCase@51dcb805]" started-at="2022-02-24T18:21:20 IST" name="browserlaunch" finished-at="2022-02-24T18:21:47 IST" duration-ms="27733" status="PASS">
          <reporter-output>
          </reporter-output>
        </test-method> <!-- browserlaunch -->
        <test-method signature="Basepagenavigation(java.lang.String,java.lang.String)[pri:0, instance:e2eproject.finaldemo.LoginTestCase@51dcb805]" started-at="2022-02-24T18:21:47 IST" name="Basepagenavigation" data-provider="getData" finished-at="2022-02-24T18:21:52 IST" duration-ms="4845" status="PASS">
          <params>
            <param index="0">
              <value>
                <![CDATA[test@1]]>
              </value>
            </param>
            <param index="1">
              <value>
                <![CDATA[komal123]]>
              </value>
            </param>
          </params>
          <reporter-output>
          </reporter-output>
        </test-method> <!-- Basepagenavigation -->
        <test-method is-config="true" signature="browserlaunch()[pri:0, instance:e2eproject.finaldemo.LoginTestCase@51dcb805]" started-at="2022-02-24T18:21:52 IST" name="browserlaunch" finished-at="2022-02-24T18:22:27 IST" duration-ms="34834" status="PASS">
          <reporter-output>
          </reporter-output>
        </test-method> <!-- browserlaunch -->
        <test-method signature="Basepagenavigation(java.lang.String,java.lang.String)[pri:0, instance:e2eproject.finaldemo.LoginTestCase@51dcb805]" started-at="2022-02-24T18:22:27 IST" name="Basepagenavigation" data-provider="getData" finished-at="2022-02-24T18:22:29 IST" duration-ms="2392" status="PASS">
          <params>
            <param index="0">
              <value>
                <![CDATA[test@2]]>
              </value>
            </param>
            <param index="1">
              <value>
                <![CDATA[abcd]]>
              </value>
            </param>
          </params>
          <reporter-output>
          </reporter-output>
        </test-method> <!-- Basepagenavigation -->
      </class> <!-- e2eproject.finaldemo.LoginTestCase -->
    </test> <!-- Test -->
  </suite> <!-- Suite -->
</testng-results>
